IGES to UG
! INFO-     NX V2506.3001 / IGES Specification 5.3
! INFO-      
! INFO-     Start of Translation: 16-DEC-2025  2:24:55 PM
! INFO-      
! STATUS-   Converting Part: C:\Users\dubey\Downloads\ev rotor1.igs
! INFO-     START RECORD GO HERE.                                                   
! SUMMARY-   
! SUMMARY-  Summary of Supported IGES Entities in file
! SUMMARY-   
! SUMMARY-  Entity Type                    Count
! SUMMARY-  -----------                    -----
! SUMMARY-  Line (110/0).................:   893
! SUMMARY-  Circular Arc (100/0).........:   355
! SUMMARY-  B-Spline Curve (126/0-4).....:   108
! SUMMARY-  Composite Curve (102/0)......:   228
! SUMMARY-  Plane (108/-1,0,1)...........:   104
! SUMMARY-  Surface of Rev (120/0).......:    48
! SUMMARY-  Curve of Surface (142/0).....:   228
! SUMMARY-  Trimmed Surface (144/0)......:   222
! SUMMARY-  Trans Matrix (124/0,1,10,12).:   355
! SUMMARY-                                 -----
! SUMMARY-  Total                           2541
! STATUS-    
! STATUS-   Converting to Output Form (Phase 2 of 3): 16-DEC-2025 2:24:55 PM
! STATUS-    
! STATUS-   Creating the UG part (Phase 3 of 3): 16-DEC-2025  2:24:55 PM
! SUMMARY-   
! SUMMARY-  Summary of Unigraphics Input Entities
! SUMMARY-   
! SUMMARY-  Entities Processed             Count
! SUMMARY-  ------------------             -----
! SUMMARY-  Part Attribute ..............:     9
! SUMMARY-  Solid/Sheet .................:   222
! SUMMARY-                                 -----
! SUMMARY-  Total                            231
! INFO-      
! INFO-     End of Translation: 16-DEC-2025  2:24:57 PM
! INFO-      
